<?xml version="1.0" encoding="UTF-8"?>
<!-- Generated by org.testng.reporters.JUnitXMLReporter -->
<testsuite ignored="4" hostname="DESKTOP-D9BEU1J" failures="0" tests="0" time="2.65" errors="0" timestamp="2022-02-09T14:11:37 EET">
  <testcase classname="Tests.UMM1" name="UMM1AS3" time="0.0">
    <ignored/>
  </testcase> <!-- UMM1AS3 -->
  <testcase classname="Tests.UMM1" name="UMM1PS1" time="0.0">
    <ignored/>
  </testcase> <!-- UMM1PS1 -->
  <testcase classname="Tests.UMM1" name="UMM1AS1" time="0.0">
    <ignored/>
  </testcase> <!-- UMM1AS1 -->
  <testcase classname="Tests.UMM1" name="UMM1AS2" time="0.0">
    <ignored/>
  </testcase> <!-- UMM1AS2 -->
</testsuite>
