<?xml version="1.0" encoding="UTF-8"?>
<!-- Generated by org.testng.reporters.JUnitXMLReporter -->
<testsuite ignored="8" hostname="DESKTOP-D9BEU1J" failures="1" tests="15" name="Test" time="109.483" errors="0" timestamp="2022-02-10T17:14:01 EET">
  <testcase classname="Tests.AM6" name="AM6PS1" time="7.352"/>
  <testcase classname="Tests.AM5" name="AM5PS1" time="10.984"/>
  <testcase classname="Tests.AM4" name="AM4PS1" time="13.432"/>
  <testcase classname="Tests.AM3" name="AM3PS1" time="9.049"/>
  <testcase classname="Tests.UMM1" name="UMM1PS1" time="2.262">
    <failure type="java.lang.AssertionError" message="expected [This user already exist.] but found [Sign up successful.]">
      <![CDATA[java.lang.AssertionError: expected [This user already exist.] but found [Sign up successful.]
at Tests.UMM1.UMM1PS1(UMM1.java:31)
at java.base/java.util.ArrayList.forEach(ArrayList.java:1511)
... Removed 33 stack frames]]>
    </failure>
  </testcase> <!-- UMM1PS1 -->
  <testcase classname="Tests.UMM1" name="UMM1AS1" time="3.639"/>
  <testcase classname="Tests.UMM1" name="UMM1AS2" time="1.838"/>
  <testcase classname="Tests.UMM1" name="UMM1AS3" time="2.534"/>
  <testcase classname="Tests.AM2" name="AM2PS1" time="5.933"/>
  <testcase classname="Tests.AM1" name="AM1PS1" time="2.932"/>
  <testcase classname="Tests.AM1" name="AM1PS2" time="2.392"/>
  <testcase classname="Tests.UMM2" name="UMM2PS1" time="7.682"/>
  <testcase classname="Tests.UMM2" name="UMM2AS1" time="1.129"/>
  <testcase classname="Tests.UMM2" name="UMM2AS2" time="2.485"/>
  <testcase classname="Tests.UMM2" name="UMM2AS3" time="3.349"/>
  <testcase classname="Tests.AM6" name="AM6AS1" time="0.0">
    <ignored/>
  </testcase> <!-- AM6AS1 -->
  <testcase classname="Tests.TestParameters" name="@AfterTest TearDown" time="0.0">
    <ignored/>
  </testcase> <!-- @AfterTest TearDown -->
  <testcase classname="Tests.TestParameters" name="@AfterTest TearDown" time="0.0">
    <ignored/>
  </testcase> <!-- @AfterTest TearDown -->
  <testcase classname="Tests.TestParameters" name="@AfterTest TearDown" time="0.0">
    <ignored/>
  </testcase> <!-- @AfterTest TearDown -->
  <testcase classname="Tests.TestParameters" name="@AfterTest TearDown" time="0.0">
    <ignored/>
  </testcase> <!-- @AfterTest TearDown -->
  <testcase classname="Tests.TestParameters" name="@AfterTest TearDown" time="0.0">
    <ignored/>
  </testcase> <!-- @AfterTest TearDown -->
  <testcase classname="Tests.TestParameters" name="@AfterTest TearDown" time="0.0">
    <ignored/>
  </testcase> <!-- @AfterTest TearDown -->
  <testcase classname="Tests.TestParameters" name="@AfterTest TearDown" time="0.0">
    <ignored/>
  </testcase> <!-- @AfterTest TearDown -->
</testsuite> <!-- Test -->
