<?xml version="1.0" encoding="UTF-8"?>
<!-- Generated by org.testng.reporters.JUnitXMLReporter -->
<testsuite ignored="9" hostname="DESKTOP-D9BEU1J" failures="0" tests="3" name="Test1" time="22.62" errors="0" timestamp="2022-02-10T19:57:56 EET">
  <testcase classname="Tests.UMM1" name="UMM1PS1" time="2.255"/>
  <testcase classname="Tests.UMM2" name="UMM2PS1" time="6.675"/>
  <testcase classname="Tests.AM6" name="AM6PS1" time="6.712"/>
  <testcase classname="Tests.UMM1" name="UMM1AS3" time="0.0">
    <ignored/>
  </testcase> <!-- UMM1AS3 -->
  <testcase classname="Tests.UMM1" name="UMM1AS1" time="0.0">
    <ignored/>
  </testcase> <!-- UMM1AS1 -->
  <testcase classname="Tests.AM6" name="AM6AS1" time="0.0">
    <ignored/>
  </testcase> <!-- AM6AS1 -->
  <testcase classname="Tests.UMM2" name="UMM2AS2" time="0.0">
    <ignored/>
  </testcase> <!-- UMM2AS2 -->
  <testcase classname="Tests.UMM2" name="UMM2AS3" time="0.0">
    <ignored/>
  </testcase> <!-- UMM2AS3 -->
  <testcase classname="Tests.UMM1" name="UMM1AS2" time="0.0">
    <ignored/>
  </testcase> <!-- UMM1AS2 -->
  <testcase classname="Tests.UMM2" name="UMM2AS1" time="0.0">
    <ignored/>
  </testcase> <!-- UMM2AS1 -->
  <testcase classname="Tests.TestParameters" name="@AfterTest TearDown" time="0.0">
    <ignored/>
  </testcase> <!-- @AfterTest TearDown -->
  <testcase classname="Tests.TestParameters" name="@AfterTest TearDown" time="0.0">
    <ignored/>
  </testcase> <!-- @AfterTest TearDown -->
</testsuite> <!-- Test1 -->
