<?xml version="1.0" encoding="UTF-8"?>
<!-- Generated by org.testng.reporters.JUnitXMLReporter -->
<testsuite ignored="2" hostname="DESKTOP-EPAMBL2" failures="0" tests="2" name="SmokeTests" time="8.852" errors="0" timestamp="2022-05-17T11:25:01 EEST">
  <testcase classname="Tests.CreateNewAccount" name="CreateNewAcc" time="0.973"/>
  <testcase classname="Tests.LoginOut" name="Logout" time="0.944"/>
  <testcase classname="Tests.CreateNewAccount" name="CreateNewAccF" time="0.0">
    <ignored/>
  </testcase> <!-- CreateNewAccF -->
  <testcase classname="Tests.TestParameters" name="@AfterTest TearDown" time="0.0">
    <ignored/>
  </testcase> <!-- @AfterTest TearDown -->
</testsuite> <!-- SmokeTests -->
