<?xml version="1.0" encoding="UTF-8"?>
<!-- Generated by org.testng.reporters.JUnitXMLReporter -->
<testsuite ignored="7" hostname="DESKTOP-D9BEU1J" failures="1" tests="16" name="Test2" time="113.171" errors="0" timestamp="2022-02-10T21:29:54 EET">
  <testcase classname="Tests.UMM1" name="UMM1AS1" time="3.667"/>
  <testcase classname="Tests.UMM1" name="UMM1AS2" time="1.174"/>
  <testcase classname="Tests.UMM1" name="UMM1AS3" time="3.003"/>
  <testcase classname="Tests.UMM1" name="UMM1PS1" time="2.318">
    <failure type="java.lang.AssertionError" message="expected [This user already exist.] but found [Sign up successful.]">
      <![CDATA[java.lang.AssertionError: expected [This user already exist.] but found [Sign up successful.]
at Tests.UMM1.UMM1PS1(UMM1.java:33)
at java.base/java.util.ArrayList.forEach(ArrayList.java:1511)
... Removed 33 stack frames]]>
    </failure>
  </testcase> <!-- UMM1PS1 -->
  <testcase classname="Tests.UMM2" name="UMM2AS1" time="1.405"/>
  <testcase classname="Tests.UMM2" name="UMM2AS2" time="1.825"/>
  <testcase classname="Tests.UMM2" name="UMM2AS3" time="2.494"/>
  <testcase classname="Tests.UMM2" name="UMM2PS1" time="6.153"/>
  <testcase classname="Tests.AM1" name="AM1PS1" time="2.464"/>
  <testcase classname="Tests.AM1" name="AM1PS2" time="2.143"/>
  <testcase classname="Tests.AM2" name="AM2PS1" time="5.926"/>
  <testcase classname="Tests.AM3" name="AM3PS1" time="8.643"/>
  <testcase classname="Tests.AM4" name="AM4PS1" time="12.185"/>
  <testcase classname="Tests.AM5" name="AM5PS1" time="10.926"/>
  <testcase classname="Tests.AM6" name="AM6AS1" time="6.726"/>
  <testcase classname="Tests.AM6" name="AM6PS1" time="6.732"/>
  <testcase classname="Tests.TestParameters" name="@AfterTest TearDown" time="0.0">
    <ignored/>
  </testcase> <!-- @AfterTest TearDown -->
  <testcase classname="Tests.TestParameters" name="@AfterTest TearDown" time="0.0">
    <ignored/>
  </testcase> <!-- @AfterTest TearDown -->
  <testcase classname="Tests.TestParameters" name="@AfterTest TearDown" time="0.0">
    <ignored/>
  </testcase> <!-- @AfterTest TearDown -->
  <testcase classname="Tests.TestParameters" name="@AfterTest TearDown" time="0.0">
    <ignored/>
  </testcase> <!-- @AfterTest TearDown -->
  <testcase classname="Tests.TestParameters" name="@AfterTest TearDown" time="0.0">
    <ignored/>
  </testcase> <!-- @AfterTest TearDown -->
  <testcase classname="Tests.TestParameters" name="@AfterTest TearDown" time="0.0">
    <ignored/>
  </testcase> <!-- @AfterTest TearDown -->
  <testcase classname="Tests.TestParameters" name="@AfterTest TearDown" time="0.0">
    <ignored/>
  </testcase> <!-- @AfterTest TearDown -->
</testsuite> <!-- Test2 -->
